  Using 'git status' to determine working set for adaptive non-unity build (F:\01_UTAD\Asignaturas\ProgramacionEnRed\Practicas\NetworkProgramming).
  Deleted hot-reload file: F:\01_UTAD\Asignaturas\ProgramacionEnRed\Practicas\NetworkProgramming\CarsOnline\Binaries\Win64\UE4Editor-Cars-0001.dll
  Deleted hot-reload file: F:\01_UTAD\Asignaturas\ProgramacionEnRed\Practicas\NetworkProgramming\CarsOnline\Intermediate\Build\Win64\UE4Editor\Development\Cars\UE4Editor-Cars-0001.lib
  Building CarsEditor...
  Using Visual Studio 2019 14.28.29337 toolchain (C:\Program Files (x86)\Microsoft Visual Studio\2019\Community\VC\Tools\MSVC\14.28.29333) and Windows 10.0.18362.0 SDK (C:\Program Files (x86)\Windows Kits\10).
  [Upgrade]
  [Upgrade] Using backward-compatible build settings. The latest version of UE4 sets the following values by default, which may require code changes:
  [Upgrade]     bLegacyPublicIncludePaths = false                 => Omits subfolders from public include paths to reduce compiler command line length. (Previously: true).
  [Upgrade]     ShadowVariableWarningLevel = WarningLevel.Error   => Treats shadowed variable warnings as errors. (Previously: WarningLevel.Warning).
  [Upgrade]     PCHUsage = PCHUsageMode.UseExplicitOrSharedPCHs   => Set in build.cs files to enables IWYU-style PCH model. See https://docs.unrealengine.com/en-US/Programming/BuildTools/UnrealBuildTool/IWYU/index.html. (Previously: PCHUsageMode.UseSharedPCHs).
  [Upgrade] Suppress this message by setting 'DefaultBuildSettings = BuildSettingsVersion.V2;' in CarsEditor.Target.cs, and explicitly overriding settings that differ from the new defaults.
  [Upgrade]
  Building 3 actions with 12 processes...
    [1/3] UE4Editor-Cars.lib
       Creating library F:\01_UTAD\Asignaturas\ProgramacionEnRed\Practicas\NetworkProgramming\CarsOnline\Intermediate\Build\Win64\UE4Editor\Development\Cars\UE4Editor-Cars.lib and object F:\01_UTAD\Asignaturas\ProgramacionEnRed\Practicas\NetworkProgramming\CarsOnline\Intermediate\Build\Win64\UE4Editor\Development\Cars\UE4Editor-Cars.exp
    [2/3] UE4Editor-Cars.dll
       Creating library F:\01_UTAD\Asignaturas\ProgramacionEnRed\Practicas\NetworkProgramming\CarsOnline\Intermediate\Build\Win64\UE4Editor\Development\Cars\UE4Editor-Cars.suppressed.lib and object F:\01_UTAD\Asignaturas\ProgramacionEnRed\Practicas\NetworkProgramming\CarsOnline\Intermediate\Build\Win64\UE4Editor\Development\Cars\UE4Editor-Cars.suppressed.exp
    [3/3] CarsEditor.target
  Total time in Parallel executor: 0,77 seconds
  Total execution time: 1,27 seconds
